<?xml version="1.0" encoding="UTF-8"?>
<persistence version="2.0" xmlns="http://java.sun.com/xml/ns/persistence" xmlns:xsi="http://www.w3.org/2001/XMLSchema-instance" xsi:schemaLocation="http://java.sun.com/xml/ns/persistence http://java.sun.com/xml/ns/persistence/persistence_2_0.xsd">
    <persistence-unit name="javacountdownPU" transaction-type="JTA">
        <jta-data-source>jdbc/javacountdown</jta-data-source>
        <exclude-unlisted-classes>false</exclude-unlisted-classes>
        <properties>
            <property name="eclipselink.target-database" value="Derby"/>
            <property name="eclipselink.ddl-generation" value="create-tables"/>
            <property name="eclipselink.cache.shared.default" value="false"/>
            <property name="eclipselink.logging.level" value="ALL"/>
            <property name="eclipselink.logging.level.sql" value="FINEST"/>
            <property name="eclipselink.logging.level.cache" value="FINEST"/>
        </properties>
    </persistence-unit>
</persistence>
